0 info it worked if it ends with ok
1 verbose cli [
1 verbose cli   'C:\\Program Files\\nodejs\\node.exe',
1 verbose cli   'C:\\Program Files\\nodejs\\node_modules\\npm\\bin\\npm-cli.js',
1 verbose cli   'run',
1 verbose cli   'test:verb',
1 verbose cli   '--no-cache'
1 verbose cli ]
2 info using npm@6.14.13
3 info using node@v14.17.1
4 verbose run-script [ 'pretest:verb', 'test:verb', 'posttest:verb' ]
5 info lifecycle lu-bank@1.0.0~pretest:verb: lu-bank@1.0.0
6 info lifecycle lu-bank@1.0.0~test:verb: lu-bank@1.0.0
7 verbose lifecycle lu-bank@1.0.0~test:verb: unsafe-perm in lifecycle true
8 verbose lifecycle lu-bank@1.0.0~test:verb: PATH: C:\Program Files\nodejs\node_modules\npm\node_modules\npm-lifecycle\node-gyp-bin;C:\git\lu-bank\node_modules\.bin;C:\Python39\Scripts\;C:\Python39\;C:\ProgramData\Oracle\Java\javapath;C:\Program Files (x86)\Common Files\Intel\Shared Files\cpp\bin\Intel64;C:\Program Files (x86)\Common Files\Oracle\Java\javapath;C:\WINDOWS\system32;C:\WINDOWS;C:\WINDOWS\System32\Wbem;C:\WINDOWS\System32\WindowsPowerShell\v1.0\;C:\WINDOWS\System32\OpenSSH\;C:\Central\xampp\php;C:\ProgramData\ComposerSetup\bin;C:\ProgramData\chocolatey\bin;C:\Program Files (x86)\Yarn\bin\;C:\Program Files\dotnet\;C:\Program Files\Microsoft SQL Server\130\Tools\Binn\;C:\Program Files\Microsoft SQL Server\Client SDK\ODBC\170\Tools\Binn\;C:\Program Files (x86)\Microsoft SQL Server\150\DTS\Binn\;C:\Program Files\Azure Data Studio\bin;C:\Program Files (x86)\Microsoft SQL Server\150\Tools\Binn\;C:\Program Files\Microsoft SQL Server\150\Tools\Binn\;C:\Program Files\Microsoft SQL Server\150\DTS\Binn\;C:\Program Files\Git\cmd;C:\Program Files\nodejs\;C:\Program Files\Docker\Docker\resources\bin;C:\ProgramData\DockerDesktop\version-bin;C:\Program Files\MySQL\MySQL Shell 8.0\bin\;C:\Users\PICHAU\AppData\Local\Microsoft\WindowsApps;C:\Users\PICHAU\AppData\Roaming\Composer\vendor\bin;C:\Users\PICHAU\AppData\Local\Yarn\bin;C:\Users\PICHAU\AppData\Local\Programs\Microsoft VS Code\bin;C:\Users\PICHAU\.dotnet\tools;C:\Program Files\Azure Data Studio\bin;C:\Program Files\MongoDB\Server\4.4\bin;C:\Program Files\MongoDB\Tools\100\bin;C:\Program Files\heroku\bin;C:\Users\PICHAU\AppData\Roaming\npm
9 verbose lifecycle lu-bank@1.0.0~test:verb: CWD: C:\git\lu-bank
10 silly lifecycle lu-bank@1.0.0~test:verb: Args: [ '/d /s /c', 'jest --passWithNoTests --verbose --runInBand' ]
11 silly lifecycle lu-bank@1.0.0~test:verb: Returned: code: 1  signal: null
12 info lifecycle lu-bank@1.0.0~test:verb: Failed to exec test:verb script
13 verbose stack Error: lu-bank@1.0.0 test:verb: `jest --passWithNoTests --verbose --runInBand`
13 verbose stack Exit status 1
13 verbose stack     at EventEmitter.<anonymous> (C:\Program Files\nodejs\node_modules\npm\node_modules\npm-lifecycle\index.js:332:16)
13 verbose stack     at EventEmitter.emit (events.js:375:28)
13 verbose stack     at ChildProcess.<anonymous> (C:\Program Files\nodejs\node_modules\npm\node_modules\npm-lifecycle\lib\spawn.js:55:14)
13 verbose stack     at ChildProcess.emit (events.js:375:28)
13 verbose stack     at maybeClose (internal/child_process.js:1055:16)
13 verbose stack     at Process.ChildProcess._handle.onexit (internal/child_process.js:288:5)
14 verbose pkgid lu-bank@1.0.0
15 verbose cwd C:\git\lu-bank
16 verbose Windows_NT 10.0.19042
17 verbose argv "C:\\Program Files\\nodejs\\node.exe" "C:\\Program Files\\nodejs\\node_modules\\npm\\bin\\npm-cli.js" "run" "test:verb" "--no-cache"
18 verbose node v14.17.1
19 verbose npm  v6.14.13
20 error code ELIFECYCLE
21 error errno 1
22 error lu-bank@1.0.0 test:verb: `jest --passWithNoTests --verbose --runInBand`
22 error Exit status 1
23 error Failed at the lu-bank@1.0.0 test:verb script.
23 error This is probably not a problem with npm. There is likely additional logging output above.
24 verbose exit [ 1, true ]
